[2026-04-29T09:41:45.456Z] [INFO] Server in ascolto sulla porta 5000
[2026-04-29T09:41:48.737Z] [INFO] Richieta GET per i dati dei clienti
[2026-04-29T09:41:48.737Z] [INFO] Dati dei clienti recuperati con successo
[2026-04-29T09:41:48.969Z] [INFO] Richieta GET per i dati dei clienti
[2026-04-29T09:41:48.969Z] [INFO] Dati dei clienti recuperati con successo
[2026-04-29T09:41:49.142Z] [INFO] Richieta GET per i dati dei clienti
[2026-04-29T09:41:49.143Z] [INFO] Dati dei clienti recuperati con successo
[2026-04-29T09:41:52.815Z] [INFO] Richieta GET per i dati dei clienti
[2026-04-29T09:41:52.815Z] [INFO] Dati dei clienti recuperati con successo
[2026-04-29T09:42:00.529Z] [INFO] Richiesta POST per la creazione di un nuovo cliente
[2026-04-29T09:42:00.529Z] [INFO] Nuovo cliente creato con successo
[2026-04-29T09:42:00.534Z] [INFO] Richieta GET per i dati dei clienti
[2026-04-29T09:42:00.534Z] [INFO] Dati dei clienti recuperati con successo
[2026-04-29T09:42:06.095Z] [INFO] Richieta GET per i dati dei clienti
[2026-04-29T09:42:06.095Z] [INFO] Dati dei clienti recuperati con successo
[2026-04-29T09:56:26.136Z] [INFO] Server in ascolto sulla porta 5000
[2026-04-29T09:56:31.425Z] [INFO] Richieta GET per i dati dei clienti
[2026-04-29T09:56:31.425Z] [INFO] Dati dei clienti recuperati con successo
[2026-04-29T09:57:37.860Z] [INFO] Server in ascolto sulla porta 5000
[2026-04-29T09:57:43.601Z] [INFO] Richieta GET per i dati dei clienti
[2026-04-29T09:57:43.601Z] [INFO] Dati dei clienti recuperati con successo
[2026-04-29T09:57:43.617Z] [INFO] Richiesta GET per i dati delle fatture
[2026-04-29T09:57:43.618Z] [WARN] File invoices.json non trovato
[2026-04-29T09:57:43.818Z] [INFO] Richieta GET per i dati dei clienti
[2026-04-29T09:57:43.818Z] [INFO] Dati dei clienti recuperati con successo
[2026-04-29T09:57:43.823Z] [INFO] Richiesta GET per i dati delle fatture
[2026-04-29T09:57:43.823Z] [WARN] File invoices.json non trovato
[2026-04-29T09:57:44.024Z] [INFO] Richieta GET per i dati dei clienti
[2026-04-29T09:57:44.024Z] [INFO] Dati dei clienti recuperati con successo
[2026-04-29T09:57:44.040Z] [INFO] Richiesta GET per i dati delle fatture
[2026-04-29T09:57:44.041Z] [WARN] File invoices.json non trovato
[2026-04-29T09:58:55.933Z] [INFO] Server in ascolto sulla porta 5000
[2026-04-29T09:58:58.253Z] [INFO] Richieta GET per i dati dei clienti
[2026-04-29T09:58:58.254Z] [INFO] Dati dei clienti recuperati con successo
[2026-04-29T09:58:58.260Z] [INFO] Richiesta GET per i dati delle fatture
[2026-04-29T09:58:58.260Z] [WARN] File invoices.json non trovato
[2026-04-29T09:58:58.551Z] [INFO] Richieta GET per i dati dei clienti
[2026-04-29T09:58:58.551Z] [INFO] Dati dei clienti recuperati con successo
[2026-04-29T09:58:58.555Z] [INFO] Richiesta GET per i dati delle fatture
[2026-04-29T09:58:58.555Z] [WARN] File invoices.json non trovato
[2026-04-29T09:58:58.759Z] [INFO] Richieta GET per i dati dei clienti
[2026-04-29T09:58:58.759Z] [INFO] Dati dei clienti recuperati con successo
[2026-04-29T09:58:58.763Z] [INFO] Richiesta GET per i dati delle fatture
[2026-04-29T09:58:58.763Z] [WARN] File invoices.json non trovato
[2026-04-29T09:58:58.965Z] [INFO] Richieta GET per i dati dei clienti
[2026-04-29T09:58:58.965Z] [INFO] Dati dei clienti recuperati con successo
[2026-04-29T09:58:58.969Z] [INFO] Richiesta GET per i dati delle fatture
[2026-04-29T09:58:58.970Z] [WARN] File invoices.json non trovato
[2026-04-29T09:58:59.964Z] [INFO] Richieta GET per i dati dei clienti
[2026-04-29T09:58:59.965Z] [INFO] Dati dei clienti recuperati con successo
[2026-04-29T09:59:04.903Z] [INFO] Richiesta DELETE per eliminare un cliente
[2026-04-29T09:59:04.904Z] [INFO] Cliente eliminato con successo
[2026-04-29T09:59:04.908Z] [INFO] Richieta GET per i dati dei clienti
[2026-04-29T09:59:04.909Z] [INFO] Dati dei clienti recuperati con successo
[2026-04-29T09:59:06.706Z] [INFO] Richieta GET per i dati dei clienti
[2026-04-29T09:59:06.706Z] [INFO] Dati dei clienti recuperati con successo
[2026-04-29T09:59:07.191Z] [INFO] Richieta GET per i dati dei clienti
[2026-04-29T09:59:07.191Z] [INFO] Dati dei clienti recuperati con successo
[2026-04-29T09:59:07.354Z] [INFO] Richieta GET per i dati dei clienti
[2026-04-29T09:59:07.354Z] [INFO] Dati dei clienti recuperati con successo
[2026-04-29T09:59:07.507Z] [INFO] Richieta GET per i dati dei clienti
[2026-04-29T09:59:07.507Z] [INFO] Dati dei clienti recuperati con successo
[2026-04-29T09:59:07.655Z] [INFO] Richieta GET per i dati dei clienti
[2026-04-29T09:59:07.655Z] [INFO] Dati dei clienti recuperati con successo
[2026-04-29T09:59:07.807Z] [INFO] Richieta GET per i dati dei clienti
[2026-04-29T09:59:07.807Z] [INFO] Dati dei clienti recuperati con successo
[2026-04-29T09:59:07.970Z] [INFO] Richieta GET per i dati dei clienti
[2026-04-29T09:59:07.971Z] [INFO] Dati dei clienti recuperati con successo
[2026-04-29T09:59:08.114Z] [INFO] Richieta GET per i dati dei clienti
[2026-04-29T09:59:08.114Z] [INFO] Dati dei clienti recuperati con successo
[2026-04-29T09:59:08.265Z] [INFO] Richieta GET per i dati dei clienti
[2026-04-29T09:59:08.265Z] [INFO] Dati dei clienti recuperati con successo
[2026-04-29T09:59:08.413Z] [INFO] Richieta GET per i dati dei clienti
[2026-04-29T09:59:08.413Z] [INFO] Dati dei clienti recuperati con successo
[2026-04-29T09:59:08.573Z] [INFO] Richieta GET per i dati dei clienti
[2026-04-29T09:59:08.573Z] [INFO] Dati dei clienti recuperati con successo
[2026-04-29T09:59:08.722Z] [INFO] Richieta GET per i dati dei clienti
[2026-04-29T09:59:08.722Z] [INFO] Dati dei clienti recuperati con successo
[2026-04-29T09:59:10.183Z] [INFO] Richieta GET per i dati dei clienti
[2026-04-29T09:59:10.183Z] [INFO] Dati dei clienti recuperati con successo
[2026-04-29T09:59:11.254Z] [INFO] Richieta GET per i dati dei clienti
[2026-04-29T09:59:11.254Z] [INFO] Dati dei clienti recuperati con successo
[2026-04-29T09:59:11.260Z] [INFO] Richiesta GET per i dati delle fatture
[2026-04-29T09:59:11.260Z] [WARN] File invoices.json non trovato
[2026-04-29T09:59:11.840Z] [INFO] Richieta GET per i dati dei clienti
[2026-04-29T09:59:11.840Z] [INFO] Dati dei clienti recuperati con successo
[2026-04-29T09:59:18.094Z] [INFO] Richieta GET per i dati dei clienti
[2026-04-29T09:59:18.094Z] [INFO] Dati dei clienti recuperati con successo
[2026-04-29T09:59:18.098Z] [INFO] Richiesta GET per i dati delle fatture
[2026-04-29T09:59:18.098Z] [WARN] File invoices.json non trovato
[2026-04-29T09:59:19.597Z] [INFO] Richieta GET per i dati dei clienti
[2026-04-29T09:59:19.597Z] [INFO] Dati dei clienti recuperati con successo
[2026-04-29T09:59:23.972Z] [INFO] Richieta GET per i dati dei clienti
[2026-04-29T09:59:23.972Z] [INFO] Dati dei clienti recuperati con successo
